<?xml version="1.0" encoding="UTF-8"?>
<!-- Generated by org.testng.reporters.JUnitReportReporter -->
<testsuite hostname="DESKTOP-2GP96BE" failures="0" tests="2" name="amazon.AmazonLinkVerificationXpathTest" time="31.642" errors="0" timestamp="2023-12-19T14:16:18 IST" skipped="0">
  <testcase classname="amazon.AmazonLinkVerificationXpathTest" name="xpathLinkTest1" time="24.232"/>
  <testcase classname="amazon.AmazonLinkVerificationXpathTest" name="xpathLinkTest2" time="7.410"/>
</testsuite> <!-- amazon.AmazonLinkVerificationXpathTest -->
