<?xml version="1.0" encoding="UTF-8"?>
<!-- Generated by org.testng.reporters.JUnitReportReporter -->
<testsuite hostname="DESKTOP-2GP96BE" failures="0" tests="3" name="testng.AmazonHomePageTest" time="27.663" errors="0" timestamp="2023-12-18T17:17:09 IST" skipped="0">
  <testcase classname="testng.AmazonHomePageTest" name="testAmazonHomePageSourceUrl" time="14.321"/>
  <testcase classname="testng.AmazonHomePageTest" name="testAmazonHomePageTitle2" time="6.338"/>
  <testcase classname="testng.AmazonHomePageTest" name="testAmazonHomePageTitle" time="7.004"/>
</testsuite> <!-- testng.AmazonHomePageTest -->
