<?xml version="1.0" encoding="UTF-8"?>
<!-- Generated by org.testng.reporters.JUnitReportReporter -->
<testsuite hostname="DESKTOP-2GP96BE" failures="0" tests="2" name="amazon.AmazonLinkVerificationCssSelectorTest" time="23.110" errors="0" timestamp="2023-12-19T13:43:23 IST" skipped="0">
  <testcase classname="amazon.AmazonLinkVerificationCssSelectorTest" name="tdLinkTest2" time="13.662"/>
  <testcase classname="amazon.AmazonLinkVerificationCssSelectorTest" name="tdLinkTest1" time="9.448"/>
</testsuite> <!-- amazon.AmazonLinkVerificationCssSelectorTest -->
