<?xml version="1.0" encoding="UTF-8"?>
<!-- Generated by org.testng.reporters.JUnitReportReporter -->
<testsuite hostname="DESKTOP-2GP96BE" failures="0" tests="3" name="testng.TestNgStandardAnnotationTest" time="0.010" errors="0" timestamp="2023-12-18T16:23:15 IST" skipped="1">
  <testcase classname="testng.TestNgStandardAnnotationTest" name="testTwo" time="0.004"/>
  <testcase classname="testng.TestNgStandardAnnotationTest" name="testOne" time="0.006"/>
  <testcase classname="testng.TestNgStandardAnnotationTest" name="testThree">
    <skipped/>
  </testcase> <!-- testThree -->
</testsuite> <!-- testng.TestNgStandardAnnotationTest -->
