<?xml version="1.0" encoding="UTF-8"?>
<!-- Generated by org.testng.reporters.JUnitReportReporter -->
<testsuite hostname="DESKTOP-2GP96BE" failures="0" tests="3" name="amazon.AmazonHomePageTest" time="47.774" errors="0" timestamp="2023-12-26T17:41:29 IST" skipped="0">
  <testcase classname="amazon.AmazonHomePageTest" name="testAmazonHomePageSourceUrl" time="20.713"/>
  <testcase classname="amazon.AmazonHomePageTest" name="testAmazonHomePageTitle" time="12.226"/>
  <testcase classname="amazon.AmazonHomePageTest" name="testAmazonHomePageTitle2" time="14.835"/>
</testsuite> <!-- amazon.AmazonHomePageTest -->
