<?xml version="1.0" encoding="UTF-8"?>
<!-- Generated by org.testng.reporters.JUnitReportReporter -->
<testsuite hostname="DESKTOP-2GP96BE" failures="0" tests="2" name="amazon.AmazonLinkVerificationTest" time="16.659" errors="0" timestamp="2023-12-26T17:47:13 IST" skipped="0">
  <testcase classname="amazon.AmazonLinkVerificationTest" name="linkTest1" time="8.699"/>
  <testcase classname="amazon.AmazonLinkVerificationTest" name="linkTest2" time="7.960"/>
</testsuite> <!-- amazon.AmazonLinkVerificationTest -->
