<?xml version="1.0" encoding="UTF-8"?>
<!-- Generated by org.testng.reporters.JUnitReportReporter -->
<testsuite hostname="DESKTOP-2GP96BE" failures="0" tests="6" name="testng.AttributeTest" time="0.219" errors="0" timestamp="2023-12-18T16:46:31 IST" skipped="1">
  <testcase classname="testng.AttributeTest" name="r3" time="0.003"/>
  <testcase classname="testng.AttributeTest" name="testTwo" time="0.003"/>
  <testcase classname="testng.AttributeTest" name="r1" time="0.012"/>
  <testcase classname="testng.AttributeTest" name="r2" time="0.199"/>
  <testcase classname="testng.AttributeTest" name="testOne" time="0.002"/>
  <testcase classname="testng.AttributeTest" name="testThree">
    <skipped/>
  </testcase> <!-- testThree -->
</testsuite> <!-- testng.AttributeTest -->
