<?xml version="1.0" encoding="UTF-8"?>
<!-- Generated by org.testng.reporters.JUnitReportReporter -->
<testsuite hostname="DESKTOP-2GP96BE" failures="0" tests="3" name="testng.AssertionTest" time="0.020" errors="0" timestamp="2023-12-18T17:09:19 IST" skipped="0">
  <testcase classname="testng.AssertionTest" name="softAssertTest" time="0.010"/>
  <testcase classname="testng.AssertionTest" name="testAsserts" time="0.002"/>
  <testcase classname="testng.AssertionTest" name="hardAssertTest" time="0.008"/>
</testsuite> <!-- testng.AssertionTest -->
