<?xml version="1.0" encoding="UTF-8"?>
<!-- Generated by org.testng.reporters.JUnitReportReporter -->
<testsuite hostname="DESKTOP-2GP96BE" failures="0" tests="2" name="amazon.AmazonLinkVerificationXpathTest" time="23.728" errors="0" timestamp="2023-12-26T17:48:06 IST" skipped="0">
  <testcase classname="amazon.AmazonLinkVerificationXpathTest" name="xpathLinkTest2" time="14.746"/>
  <testcase classname="amazon.AmazonLinkVerificationXpathTest" name="xpathLinkTest1" time="8.982"/>
</testsuite> <!-- amazon.AmazonLinkVerificationXpathTest -->
