<?xml version="1.0" encoding="UTF-8"?>
<!-- Generated by org.testng.reporters.JUnitReportReporter -->
<testsuite hostname="DESKTOP-2GP96BE" failures="0" tests="2" name="amazon.AmazonSearchTest" time="4.557" errors="0" timestamp="2023-12-18T17:22:07 IST" skipped="0">
  <testcase classname="amazon.AmazonSearchTest" name="testSearch1" time="2.386"/>
  <testcase classname="amazon.AmazonSearchTest" name="testSearch2" time="2.171"/>
</testsuite> <!-- amazon.AmazonSearchTest -->
